<?xml version="1.0" encoding="UTF-8"?>
<testng-results ignored="0" total="12" passed="12" failed="0" skipped="0">
  <reporter-output>
  </reporter-output>
  <suite started-at="2024-05-20T14:18:26 EDT" name="Suite" finished-at="2024-05-20T14:23:22 EDT" duration-ms="296476">
    <groups>
    </groups>
    <test started-at="2024-05-20T14:18:26 EDT" name="Test" finished-at="2024-05-20T14:23:22 EDT" duration-ms="296476">
      <class name="com.crm.qa.testcases.HomePageTest">
        <test-method is-config="true" signature="setUp()[pri:0, instance:com.crm.qa.testcases.HomePageTest@37271612]" started-at="2024-05-20T14:22:04 EDT" name="setUp" finished-at="2024-05-20T14:22:20 EDT" duration-ms="15635" status="PASS">
          <reporter-output>
          </reporter-output>
        </test-method> <!-- setUp -->
        <test-method signature="verifyHomePageTitleTest()[pri:1, instance:com.crm.qa.testcases.HomePageTest@37271612]" started-at="2024-05-20T14:22:20 EDT" name="verifyHomePageTitleTest" finished-at="2024-05-20T14:22:20 EDT" duration-ms="22" status="PASS">
          <reporter-output>
          </reporter-output>
        </test-method> <!-- verifyHomePageTitleTest -->
        <test-method is-config="true" signature="tearDown()[pri:0, instance:com.crm.qa.testcases.HomePageTest@37271612]" started-at="2024-05-20T14:22:20 EDT" name="tearDown" finished-at="2024-05-20T14:22:20 EDT" duration-ms="336" status="PASS">
          <reporter-output>
          </reporter-output>
        </test-method> <!-- tearDown -->
        <test-method is-config="true" signature="setUp()[pri:0, instance:com.crm.qa.testcases.HomePageTest@37271612]" started-at="2024-05-20T14:22:20 EDT" name="setUp" finished-at="2024-05-20T14:22:29 EDT" duration-ms="9096" status="PASS">
          <reporter-output>
          </reporter-output>
        </test-method> <!-- setUp -->
        <test-method signature="verifyUserNameTest()[pri:2, instance:com.crm.qa.testcases.HomePageTest@37271612]" started-at="2024-05-20T14:22:29 EDT" name="verifyUserNameTest" finished-at="2024-05-20T14:22:34 EDT" duration-ms="4501" status="PASS">
          <reporter-output>
          </reporter-output>
        </test-method> <!-- verifyUserNameTest -->
        <test-method is-config="true" signature="tearDown()[pri:0, instance:com.crm.qa.testcases.HomePageTest@37271612]" started-at="2024-05-20T14:22:34 EDT" name="tearDown" finished-at="2024-05-20T14:22:35 EDT" duration-ms="1234" status="PASS">
          <reporter-output>
          </reporter-output>
        </test-method> <!-- tearDown -->
        <test-method is-config="true" signature="setUp()[pri:0, instance:com.crm.qa.testcases.HomePageTest@37271612]" started-at="2024-05-20T14:22:35 EDT" name="setUp" finished-at="2024-05-20T14:22:46 EDT" duration-ms="10857" status="PASS">
          <reporter-output>
          </reporter-output>
        </test-method> <!-- setUp -->
        <test-method signature="verifyContactsLinkTest()[pri:3, instance:com.crm.qa.testcases.HomePageTest@37271612]" started-at="2024-05-20T14:22:46 EDT" name="verifyContactsLinkTest" finished-at="2024-05-20T14:22:51 EDT" duration-ms="5459" status="PASS">
          <reporter-output>
          </reporter-output>
        </test-method> <!-- verifyContactsLinkTest -->
        <test-method is-config="true" signature="tearDown()[pri:0, instance:com.crm.qa.testcases.HomePageTest@37271612]" started-at="2024-05-20T14:22:51 EDT" name="tearDown" finished-at="2024-05-20T14:22:52 EDT" duration-ms="434" status="PASS">
          <reporter-output>
          </reporter-output>
        </test-method> <!-- tearDown -->
      </class> <!-- com.crm.qa.testcases.HomePageTest -->
      <class name="com.crm.qa.testcases.ContactsPageTest">
        <test-method is-config="true" signature="setUp()[pri:0, instance:com.crm.qa.testcases.ContactsPageTest@687e99d8]" started-at="2024-05-20T14:18:27 EDT" name="setUp" finished-at="2024-05-20T14:18:46 EDT" duration-ms="19182" status="PASS">
          <reporter-output>
          </reporter-output>
        </test-method> <!-- setUp -->
        <test-method is-config="true" signature="navigateToContactsPage()[pri:0, instance:com.crm.qa.testcases.ContactsPageTest@687e99d8]" started-at="2024-05-20T14:18:46 EDT" name="navigateToContactsPage" finished-at="2024-05-20T14:18:47 EDT" duration-ms="1280" status="PASS">
          <reporter-output>
          </reporter-output>
        </test-method> <!-- navigateToContactsPage -->
        <test-method signature="verifyContactsPageLabel()[pri:1, instance:com.crm.qa.testcases.ContactsPageTest@687e99d8]" started-at="2024-05-20T14:18:47 EDT" name="verifyContactsPageLabel" finished-at="2024-05-20T14:18:48 EDT" duration-ms="269" status="PASS">
          <reporter-output>
          </reporter-output>
        </test-method> <!-- verifyContactsPageLabel -->
        <test-method is-config="true" signature="navigateToContactsPage()[pri:0, instance:com.crm.qa.testcases.ContactsPageTest@687e99d8]" started-at="2024-05-20T14:18:48 EDT" name="navigateToContactsPage" finished-at="2024-05-20T14:18:49 EDT" duration-ms="1341" status="PASS">
          <reporter-output>
          </reporter-output>
        </test-method> <!-- navigateToContactsPage -->
        <test-method signature="selectSingleContactsTest()[pri:2, instance:com.crm.qa.testcases.ContactsPageTest@687e99d8]" started-at="2024-05-20T14:18:49 EDT" name="selectSingleContactsTest" finished-at="2024-05-20T14:19:11 EDT" duration-ms="22117" status="PASS">
          <reporter-output>
          </reporter-output>
        </test-method> <!-- selectSingleContactsTest -->
        <test-method is-config="true" signature="navigateToContactsPage()[pri:0, instance:com.crm.qa.testcases.ContactsPageTest@687e99d8]" started-at="2024-05-20T14:19:11 EDT" name="navigateToContactsPage" finished-at="2024-05-20T14:19:12 EDT" duration-ms="1341" status="PASS">
          <reporter-output>
          </reporter-output>
        </test-method> <!-- navigateToContactsPage -->
        <test-method signature="selectMultipleContactsTest()[pri:3, instance:com.crm.qa.testcases.ContactsPageTest@687e99d8]" started-at="2024-05-20T14:19:12 EDT" name="selectMultipleContactsTest" finished-at="2024-05-20T14:19:56 EDT" duration-ms="44078" status="PASS">
          <reporter-output>
          </reporter-output>
        </test-method> <!-- selectMultipleContactsTest -->
        <test-method is-config="true" signature="navigateToContactsPage()[pri:0, instance:com.crm.qa.testcases.ContactsPageTest@687e99d8]" started-at="2024-05-20T14:19:58 EDT" name="navigateToContactsPage" finished-at="2024-05-20T14:19:59 EDT" duration-ms="1430" status="PASS">
          <reporter-output>
          </reporter-output>
        </test-method> <!-- navigateToContactsPage -->
        <test-method signature="validateCreateNewContact(java.lang.String,java.lang.String,java.lang.String,java.lang.String)[pri:4, instance:com.crm.qa.testcases.ContactsPageTest@687e99d8]" started-at="2024-05-20T14:19:59 EDT" name="validateCreateNewContact" data-provider="getCRMTestData" finished-at="2024-05-20T14:20:40 EDT" duration-ms="40543" status="PASS">
          <params>
            <param index="0">
              <value>
                <![CDATA[Mr.]]>
              </value>
            </param>
            <param index="1">
              <value>
                <![CDATA[Ram]]>
              </value>
            </param>
            <param index="2">
              <value>
                <![CDATA[Selvan]]>
              </value>
            </param>
            <param index="3">
              <value>
                <![CDATA[Salesforce]]>
              </value>
            </param>
          </params>
          <reporter-output>
          </reporter-output>
        </test-method> <!-- validateCreateNewContact -->
        <test-method is-config="true" signature="navigateToContactsPage()[pri:0, instance:com.crm.qa.testcases.ContactsPageTest@687e99d8]" started-at="2024-05-20T14:20:40 EDT" name="navigateToContactsPage" finished-at="2024-05-20T14:20:41 EDT" duration-ms="1455" status="PASS">
          <reporter-output>
          </reporter-output>
        </test-method> <!-- navigateToContactsPage -->
        <test-method signature="validateCreateNewContact(java.lang.String,java.lang.String,java.lang.String,java.lang.String)[pri:4, instance:com.crm.qa.testcases.ContactsPageTest@687e99d8]" started-at="2024-05-20T14:20:41 EDT" name="validateCreateNewContact" data-provider="getCRMTestData" finished-at="2024-05-20T14:21:22 EDT" duration-ms="40459" status="PASS">
          <params>
            <param index="0">
              <value>
                <![CDATA[Mr]]>
              </value>
            </param>
            <param index="1">
              <value>
                <![CDATA[Chris]]>
              </value>
            </param>
            <param index="2">
              <value>
                <![CDATA[David]]>
              </value>
            </param>
            <param index="3">
              <value>
                <![CDATA[Walmart]]>
              </value>
            </param>
          </params>
          <reporter-output>
          </reporter-output>
        </test-method> <!-- validateCreateNewContact -->
        <test-method is-config="true" signature="navigateToContactsPage()[pri:0, instance:com.crm.qa.testcases.ContactsPageTest@687e99d8]" started-at="2024-05-20T14:21:22 EDT" name="navigateToContactsPage" finished-at="2024-05-20T14:21:23 EDT" duration-ms="1244" status="PASS">
          <reporter-output>
          </reporter-output>
        </test-method> <!-- navigateToContactsPage -->
        <test-method signature="validateCreateNewContact(java.lang.String,java.lang.String,java.lang.String,java.lang.String)[pri:4, instance:com.crm.qa.testcases.ContactsPageTest@687e99d8]" started-at="2024-05-20T14:21:23 EDT" name="validateCreateNewContact" data-provider="getCRMTestData" finished-at="2024-05-20T14:22:04 EDT" duration-ms="40446" status="PASS">
          <params>
            <param index="0">
              <value>
                <![CDATA[Mrs.]]>
              </value>
            </param>
            <param index="1">
              <value>
                <![CDATA[Anita]]>
              </value>
            </param>
            <param index="2">
              <value>
                <![CDATA[Sharma]]>
              </value>
            </param>
            <param index="3">
              <value>
                <![CDATA[Apple]]>
              </value>
            </param>
          </params>
          <reporter-output>
          </reporter-output>
        </test-method> <!-- validateCreateNewContact -->
        <test-method is-config="true" signature="tearDown()[pri:0, instance:com.crm.qa.testcases.ContactsPageTest@687e99d8]" started-at="2024-05-20T14:22:04 EDT" name="tearDown" finished-at="2024-05-20T14:22:04 EDT" duration-ms="377" status="PASS">
          <reporter-output>
          </reporter-output>
        </test-method> <!-- tearDown -->
      </class> <!-- com.crm.qa.testcases.ContactsPageTest -->
      <class name="com.crm.qa.testcases.LoginPageTest">
        <test-method is-config="true" signature="setUp()[pri:0, instance:com.crm.qa.testcases.LoginPageTest@ed7f8b4]" started-at="2024-05-20T14:22:52 EDT" name="setUp" finished-at="2024-05-20T14:22:58 EDT" duration-ms="6857" status="PASS">
          <reporter-output>
          </reporter-output>
        </test-method> <!-- setUp -->
        <test-method signature="loginPageTitleTest()[pri:1, instance:com.crm.qa.testcases.LoginPageTest@ed7f8b4]" started-at="2024-05-20T14:22:58 EDT" name="loginPageTitleTest" finished-at="2024-05-20T14:22:58 EDT" duration-ms="76" status="PASS">
          <reporter-output>
          </reporter-output>
        </test-method> <!-- loginPageTitleTest -->
        <test-method is-config="true" signature="tearDown()[pri:0, instance:com.crm.qa.testcases.LoginPageTest@ed7f8b4]" started-at="2024-05-20T14:22:58 EDT" name="tearDown" finished-at="2024-05-20T14:22:59 EDT" duration-ms="542" status="PASS">
          <reporter-output>
          </reporter-output>
        </test-method> <!-- tearDown -->
        <test-method is-config="true" signature="setUp()[pri:0, instance:com.crm.qa.testcases.LoginPageTest@ed7f8b4]" started-at="2024-05-20T14:22:59 EDT" name="setUp" finished-at="2024-05-20T14:23:06 EDT" duration-ms="7282" status="PASS">
          <reporter-output>
          </reporter-output>
        </test-method> <!-- setUp -->
        <test-method signature="crmLogoImageTest()[pri:2, instance:com.crm.qa.testcases.LoginPageTest@ed7f8b4]" started-at="2024-05-20T14:23:06 EDT" name="crmLogoImageTest" finished-at="2024-05-20T14:23:06 EDT" duration-ms="164" status="PASS">
          <reporter-output>
          </reporter-output>
        </test-method> <!-- crmLogoImageTest -->
        <test-method is-config="true" signature="tearDown()[pri:0, instance:com.crm.qa.testcases.LoginPageTest@ed7f8b4]" started-at="2024-05-20T14:23:06 EDT" name="tearDown" finished-at="2024-05-20T14:23:07 EDT" duration-ms="462" status="PASS">
          <reporter-output>
          </reporter-output>
        </test-method> <!-- tearDown -->
        <test-method is-config="true" signature="setUp()[pri:0, instance:com.crm.qa.testcases.LoginPageTest@ed7f8b4]" started-at="2024-05-20T14:23:07 EDT" name="setUp" finished-at="2024-05-20T14:23:13 EDT" duration-ms="6365" status="PASS">
          <reporter-output>
          </reporter-output>
        </test-method> <!-- setUp -->
        <test-method signature="loginTest()[pri:3, instance:com.crm.qa.testcases.LoginPageTest@ed7f8b4]" started-at="2024-05-20T14:23:13 EDT" name="loginTest" finished-at="2024-05-20T14:23:21 EDT" duration-ms="7765" status="PASS">
          <reporter-output>
          </reporter-output>
        </test-method> <!-- loginTest -->
        <test-method is-config="true" signature="tearDown()[pri:0, instance:com.crm.qa.testcases.LoginPageTest@ed7f8b4]" started-at="2024-05-20T14:23:21 EDT" name="tearDown" finished-at="2024-05-20T14:23:22 EDT" duration-ms="1250" status="PASS">
          <reporter-output>
          </reporter-output>
        </test-method> <!-- tearDown -->
      </class> <!-- com.crm.qa.testcases.LoginPageTest -->
    </test> <!-- Test -->
  </suite> <!-- Suite -->
</testng-results>
