<?xml version="1.0" encoding="UTF-8"?>
<testng-results ignored="0" total="12" passed="12" failed="0" skipped="0">
  <reporter-output>
  </reporter-output>
  <suite started-at="2024-05-22T21:15:18 EDT" name="Default suite" finished-at="2024-05-22T21:20:08 EDT" duration-ms="289863">
    <groups>
    </groups>
    <test started-at="2024-05-22T21:15:18 EDT" name="Default test" finished-at="2024-05-22T21:20:08 EDT" duration-ms="289863">
      <class name="com.crm.qa.testcases.HomePageTest">
        <test-method is-config="true" signature="setUp()[pri:0, instance:com.crm.qa.testcases.HomePageTest@1f59a598]" started-at="2024-05-22T21:15:19 EDT" name="setUp" finished-at="2024-05-22T21:15:36 EDT" duration-ms="16468" status="PASS">
          <reporter-output>
          </reporter-output>
        </test-method> <!-- setUp -->
        <test-method signature="verifyHomePageTitleTest()[pri:1, instance:com.crm.qa.testcases.HomePageTest@1f59a598]" started-at="2024-05-22T21:15:36 EDT" name="verifyHomePageTitleTest" finished-at="2024-05-22T21:15:36 EDT" duration-ms="103" status="PASS">
          <reporter-output>
          </reporter-output>
        </test-method> <!-- verifyHomePageTitleTest -->
        <test-method is-config="true" signature="tearDown()[pri:0, instance:com.crm.qa.testcases.HomePageTest@1f59a598]" started-at="2024-05-22T21:15:36 EDT" name="tearDown" finished-at="2024-05-22T21:15:36 EDT" duration-ms="435" status="PASS">
          <reporter-output>
          </reporter-output>
        </test-method> <!-- tearDown -->
        <test-method is-config="true" signature="setUp()[pri:0, instance:com.crm.qa.testcases.HomePageTest@1f59a598]" started-at="2024-05-22T21:15:36 EDT" name="setUp" finished-at="2024-05-22T21:15:50 EDT" duration-ms="14048" status="PASS">
          <reporter-output>
          </reporter-output>
        </test-method> <!-- setUp -->
        <test-method signature="verifyUserNameTest()[pri:2, instance:com.crm.qa.testcases.HomePageTest@1f59a598]" started-at="2024-05-22T21:15:50 EDT" name="verifyUserNameTest" finished-at="2024-05-22T21:15:51 EDT" duration-ms="341" status="PASS">
          <reporter-output>
          </reporter-output>
        </test-method> <!-- verifyUserNameTest -->
        <test-method is-config="true" signature="tearDown()[pri:0, instance:com.crm.qa.testcases.HomePageTest@1f59a598]" started-at="2024-05-22T21:15:51 EDT" name="tearDown" finished-at="2024-05-22T21:15:51 EDT" duration-ms="384" status="PASS">
          <reporter-output>
          </reporter-output>
        </test-method> <!-- tearDown -->
        <test-method is-config="true" signature="setUp()[pri:0, instance:com.crm.qa.testcases.HomePageTest@1f59a598]" started-at="2024-05-22T21:15:51 EDT" name="setUp" finished-at="2024-05-22T21:16:05 EDT" duration-ms="13442" status="PASS">
          <reporter-output>
          </reporter-output>
        </test-method> <!-- setUp -->
        <test-method signature="verifyContactsLinkTest()[pri:3, instance:com.crm.qa.testcases.HomePageTest@1f59a598]" started-at="2024-05-22T21:16:05 EDT" name="verifyContactsLinkTest" finished-at="2024-05-22T21:16:06 EDT" duration-ms="1855" status="PASS">
          <reporter-output>
          </reporter-output>
        </test-method> <!-- verifyContactsLinkTest -->
        <test-method is-config="true" signature="tearDown()[pri:0, instance:com.crm.qa.testcases.HomePageTest@1f59a598]" started-at="2024-05-22T21:16:06 EDT" name="tearDown" finished-at="2024-05-22T21:16:07 EDT" duration-ms="379" status="PASS">
          <reporter-output>
          </reporter-output>
        </test-method> <!-- tearDown -->
      </class> <!-- com.crm.qa.testcases.HomePageTest -->
      <class name="com.crm.qa.testcases.ContactsPageTest">
        <test-method is-config="true" signature="setUp()[pri:0, instance:com.crm.qa.testcases.ContactsPageTest@21b2e768]" started-at="2024-05-22T21:16:07 EDT" name="setUp" finished-at="2024-05-22T21:16:20 EDT" duration-ms="13395" status="PASS">
          <reporter-output>
          </reporter-output>
        </test-method> <!-- setUp -->
        <test-method is-config="true" signature="navigateToContactsPage()[pri:0, instance:com.crm.qa.testcases.ContactsPageTest@21b2e768]" started-at="2024-05-22T21:16:20 EDT" name="navigateToContactsPage" finished-at="2024-05-22T21:16:22 EDT" duration-ms="1565" status="PASS">
          <reporter-output>
          </reporter-output>
        </test-method> <!-- navigateToContactsPage -->
        <test-method signature="verifyContactsPageLabel()[pri:1, instance:com.crm.qa.testcases.ContactsPageTest@21b2e768]" started-at="2024-05-22T21:16:22 EDT" name="verifyContactsPageLabel" finished-at="2024-05-22T21:16:22 EDT" duration-ms="202" status="PASS">
          <reporter-output>
          </reporter-output>
        </test-method> <!-- verifyContactsPageLabel -->
        <test-method is-config="true" signature="navigateToContactsPage()[pri:0, instance:com.crm.qa.testcases.ContactsPageTest@21b2e768]" started-at="2024-05-22T21:16:22 EDT" name="navigateToContactsPage" finished-at="2024-05-22T21:16:23 EDT" duration-ms="1456" status="PASS">
          <reporter-output>
          </reporter-output>
        </test-method> <!-- navigateToContactsPage -->
        <test-method signature="selectSingleContactsTest()[pri:2, instance:com.crm.qa.testcases.ContactsPageTest@21b2e768]" started-at="2024-05-22T21:16:23 EDT" name="selectSingleContactsTest" finished-at="2024-05-22T21:16:46 EDT" duration-ms="22084" status="PASS">
          <reporter-output>
          </reporter-output>
        </test-method> <!-- selectSingleContactsTest -->
        <test-method is-config="true" signature="navigateToContactsPage()[pri:0, instance:com.crm.qa.testcases.ContactsPageTest@21b2e768]" started-at="2024-05-22T21:16:46 EDT" name="navigateToContactsPage" finished-at="2024-05-22T21:16:47 EDT" duration-ms="1344" status="PASS">
          <reporter-output>
          </reporter-output>
        </test-method> <!-- navigateToContactsPage -->
        <test-method signature="selectMultipleContactsTest()[pri:3, instance:com.crm.qa.testcases.ContactsPageTest@21b2e768]" started-at="2024-05-22T21:16:47 EDT" name="selectMultipleContactsTest" finished-at="2024-05-22T21:17:31 EDT" duration-ms="44105" status="PASS">
          <reporter-output>
          </reporter-output>
        </test-method> <!-- selectMultipleContactsTest -->
        <test-method is-config="true" signature="navigateToContactsPage()[pri:0, instance:com.crm.qa.testcases.ContactsPageTest@21b2e768]" started-at="2024-05-22T21:17:33 EDT" name="navigateToContactsPage" finished-at="2024-05-22T21:17:34 EDT" duration-ms="1513" status="PASS">
          <reporter-output>
          </reporter-output>
        </test-method> <!-- navigateToContactsPage -->
        <test-method signature="validateCreateNewContact(java.lang.String,java.lang.String,java.lang.String,java.lang.String)[pri:4, instance:com.crm.qa.testcases.ContactsPageTest@21b2e768]" started-at="2024-05-22T21:17:34 EDT" name="validateCreateNewContact" data-provider="getCRMTestData" finished-at="2024-05-22T21:18:15 EDT" duration-ms="40435" status="PASS">
          <params>
            <param index="0">
              <value>
                <![CDATA[Mr.]]>
              </value>
            </param>
            <param index="1">
              <value>
                <![CDATA[Ram]]>
              </value>
            </param>
            <param index="2">
              <value>
                <![CDATA[Selvan]]>
              </value>
            </param>
            <param index="3">
              <value>
                <![CDATA[Salesforce]]>
              </value>
            </param>
          </params>
          <reporter-output>
          </reporter-output>
        </test-method> <!-- validateCreateNewContact -->
        <test-method is-config="true" signature="navigateToContactsPage()[pri:0, instance:com.crm.qa.testcases.ContactsPageTest@21b2e768]" started-at="2024-05-22T21:18:15 EDT" name="navigateToContactsPage" finished-at="2024-05-22T21:18:16 EDT" duration-ms="1435" status="PASS">
          <reporter-output>
          </reporter-output>
        </test-method> <!-- navigateToContactsPage -->
        <test-method signature="validateCreateNewContact(java.lang.String,java.lang.String,java.lang.String,java.lang.String)[pri:4, instance:com.crm.qa.testcases.ContactsPageTest@21b2e768]" started-at="2024-05-22T21:18:16 EDT" name="validateCreateNewContact" data-provider="getCRMTestData" finished-at="2024-05-22T21:18:56 EDT" duration-ms="40427" status="PASS">
          <params>
            <param index="0">
              <value>
                <![CDATA[Mr]]>
              </value>
            </param>
            <param index="1">
              <value>
                <![CDATA[Chris]]>
              </value>
            </param>
            <param index="2">
              <value>
                <![CDATA[David]]>
              </value>
            </param>
            <param index="3">
              <value>
                <![CDATA[Walmart]]>
              </value>
            </param>
          </params>
          <reporter-output>
          </reporter-output>
        </test-method> <!-- validateCreateNewContact -->
        <test-method is-config="true" signature="navigateToContactsPage()[pri:0, instance:com.crm.qa.testcases.ContactsPageTest@21b2e768]" started-at="2024-05-22T21:18:56 EDT" name="navigateToContactsPage" finished-at="2024-05-22T21:18:58 EDT" duration-ms="1432" status="PASS">
          <reporter-output>
          </reporter-output>
        </test-method> <!-- navigateToContactsPage -->
        <test-method signature="validateCreateNewContact(java.lang.String,java.lang.String,java.lang.String,java.lang.String)[pri:4, instance:com.crm.qa.testcases.ContactsPageTest@21b2e768]" started-at="2024-05-22T21:18:58 EDT" name="validateCreateNewContact" data-provider="getCRMTestData" finished-at="2024-05-22T21:19:38 EDT" duration-ms="40470" status="PASS">
          <params>
            <param index="0">
              <value>
                <![CDATA[Mrs.]]>
              </value>
            </param>
            <param index="1">
              <value>
                <![CDATA[Anita]]>
              </value>
            </param>
            <param index="2">
              <value>
                <![CDATA[Sharma]]>
              </value>
            </param>
            <param index="3">
              <value>
                <![CDATA[Apple]]>
              </value>
            </param>
          </params>
          <reporter-output>
          </reporter-output>
        </test-method> <!-- validateCreateNewContact -->
        <test-method is-config="true" signature="tearDown()[pri:0, instance:com.crm.qa.testcases.ContactsPageTest@21b2e768]" started-at="2024-05-22T21:19:38 EDT" name="tearDown" finished-at="2024-05-22T21:19:39 EDT" duration-ms="456" status="PASS">
          <reporter-output>
          </reporter-output>
        </test-method> <!-- tearDown -->
      </class> <!-- com.crm.qa.testcases.ContactsPageTest -->
      <class name="com.crm.qa.testcases.LoginPageTest">
        <test-method is-config="true" signature="setUp()[pri:0, instance:com.crm.qa.testcases.LoginPageTest@2118cddf]" started-at="2024-05-22T21:19:39 EDT" name="setUp" finished-at="2024-05-22T21:19:46 EDT" duration-ms="6973" status="PASS">
          <reporter-output>
          </reporter-output>
        </test-method> <!-- setUp -->
        <test-method signature="loginPageTitleTest()[pri:1, instance:com.crm.qa.testcases.LoginPageTest@2118cddf]" started-at="2024-05-22T21:19:46 EDT" name="loginPageTitleTest" finished-at="2024-05-22T21:19:46 EDT" duration-ms="92" status="PASS">
          <reporter-output>
          </reporter-output>
        </test-method> <!-- loginPageTitleTest -->
        <test-method is-config="true" signature="tearDown()[pri:0, instance:com.crm.qa.testcases.LoginPageTest@2118cddf]" started-at="2024-05-22T21:19:46 EDT" name="tearDown" finished-at="2024-05-22T21:19:46 EDT" duration-ms="316" status="PASS">
          <reporter-output>
          </reporter-output>
        </test-method> <!-- tearDown -->
        <test-method is-config="true" signature="setUp()[pri:0, instance:com.crm.qa.testcases.LoginPageTest@2118cddf]" started-at="2024-05-22T21:19:46 EDT" name="setUp" finished-at="2024-05-22T21:19:53 EDT" duration-ms="7167" status="PASS">
          <reporter-output>
          </reporter-output>
        </test-method> <!-- setUp -->
        <test-method signature="crmLogoImageTest()[pri:2, instance:com.crm.qa.testcases.LoginPageTest@2118cddf]" started-at="2024-05-22T21:19:53 EDT" name="crmLogoImageTest" finished-at="2024-05-22T21:19:54 EDT" duration-ms="215" status="PASS">
          <reporter-output>
          </reporter-output>
        </test-method> <!-- crmLogoImageTest -->
        <test-method is-config="true" signature="tearDown()[pri:0, instance:com.crm.qa.testcases.LoginPageTest@2118cddf]" started-at="2024-05-22T21:19:54 EDT" name="tearDown" finished-at="2024-05-22T21:19:54 EDT" duration-ms="519" status="PASS">
          <reporter-output>
          </reporter-output>
        </test-method> <!-- tearDown -->
        <test-method is-config="true" signature="setUp()[pri:0, instance:com.crm.qa.testcases.LoginPageTest@2118cddf]" started-at="2024-05-22T21:19:54 EDT" name="setUp" finished-at="2024-05-22T21:20:01 EDT" duration-ms="7403" status="PASS">
          <reporter-output>
          </reporter-output>
        </test-method> <!-- setUp -->
        <test-method signature="loginTest()[pri:3, instance:com.crm.qa.testcases.LoginPageTest@2118cddf]" started-at="2024-05-22T21:20:01 EDT" name="loginTest" finished-at="2024-05-22T21:20:08 EDT" duration-ms="6380" status="PASS">
          <reporter-output>
          </reporter-output>
        </test-method> <!-- loginTest -->
        <test-method is-config="true" signature="tearDown()[pri:0, instance:com.crm.qa.testcases.LoginPageTest@2118cddf]" started-at="2024-05-22T21:20:08 EDT" name="tearDown" finished-at="2024-05-22T21:20:08 EDT" duration-ms="434" status="PASS">
          <reporter-output>
          </reporter-output>
        </test-method> <!-- tearDown -->
      </class> <!-- com.crm.qa.testcases.LoginPageTest -->
    </test> <!-- Default test -->
  </suite> <!-- Default suite -->
</testng-results>
